     1                                  segment code
     2                                  ..start
     3 00000000 B8[0000]                	mov ax, data
     4 00000003 8ED8                    	mov ds, ax
     5 00000005 B8[0000]                	mov ax, stack
     6 00000008 8ED0                    	mov ss,	ax
     7 0000000A BC[0001]                	mov sp, stacktop
     8                                  	
     9                                  	;abre arquivo
    10 0000000D B43D                    	mov ah, 3Dh
    11 0000000F B000                    	mov al, 00
    12 00000011 BA[0000]                	mov dx, filename
    13 00000014 B90100                  	mov cx, 1
    14 00000017 CD21                    	int 21h	
    15                                  
    16 00000019 A3[0D00]                	mov [handle], ax
    17                                  	;mov bx, buffer
    18                                  	;mov [pointer], bx
    19                                  le:
    20 0000001C B43F                     	mov ah, 3Fh
    21 0000001E 8B1E[0D00]              	mov bx, [handle]
    22 00000022 B90100                  	mov cx, 1
    23 00000025 BA[0C00]                	mov dx, input
    24 00000028 CD21                    	int 21h
    25                                  
    26                                  	;compara com o espaço
    27 0000002A 8A16[0C00]              	mov dl, [input]
    28 0000002E 80FA20                  	cmp dl, 20h
    29 00000031 741A                    	je exit
    30                                  
    31 00000033 BB[0A00]                	mov bx, buffer
    32 00000036 8A16[0C00]              	mov dl, [input]
    33 0000003A 8817                    	mov byte[bx], dl
    34 0000003C 81C30100                	add bx, 1
    35 00000040 C60724                  	mov byte[bx], 24h 	
    36                                  
    37 00000043 BA[0A00]                	mov dx, buffer
    38 00000046 B409                    	mov ah, 09h
    39 00000048 CD21                    	int 21h
    40 0000004A E9CFFF                  	jmp le
    41                                  exit:
    42 0000004D B44C                    	mov ah, 4Ch
    43 0000004F CD21                    	int 21h
    44                                  	
    45                                  segment data
    46 00000000 74657374652E747874-     filename	db	'teste.txt', 0
    47 00000009 00                 
    48 0000000A 6124                    buffer		db	'a', 24h
    49 0000000C 42                      input		db	42h
    50 0000000D <res 00000002>          handle:		resw 	1
    51 0000000F <res 00000002>          pointer:	resw 	1
    52                                  
    53                                  segment stack stack
    54 00000000 <res 00000100>          	resb 256
    55                                  stacktop:
